Copyright 1986-2016 Xilinx, Inc. All Rights Reserved.
-----------------------------------------------------------------------------------------
| Tool Version : Vivado v.2016.4 (win64) Build 1756540 Mon Jan 23 19:11:23 MST 2017
| Date         : Tue May 16 18:46:56 2017
| Host         : WinbookPro running 64-bit major release  (build 9200)
| Command      : report_control_sets -verbose -file game_display_control_sets_placed.rpt
| Design       : game_display
| Device       : xc7a35t
-----------------------------------------------------------------------------------------

Control Set Information

Table of Contents
-----------------
1. Summary
2. Flip-Flop Distribution
3. Detailed Control Set Information

1. Summary
----------

+----------------------------------------------------------+-------+
|                          Status                          | Count |
+----------------------------------------------------------+-------+
| Number of unique control sets                            |     6 |
| Unused register locations in slices containing registers |    14 |
+----------------------------------------------------------+-------+


2. Flip-Flop Distribution
-------------------------

+--------------+-----------------------+------------------------+-----------------+--------------+
| Clock Enable | Synchronous Set/Reset | Asynchronous Set/Reset | Total Registers | Total Slices |
+--------------+-----------------------+------------------------+-----------------+--------------+
| No           | No                    | No                     |              40 |           11 |
| No           | No                    | Yes                    |               0 |            0 |
| No           | Yes                   | No                     |              23 |            8 |
| Yes          | No                    | No                     |               0 |            0 |
| Yes          | No                    | Yes                    |               0 |            0 |
| Yes          | Yes                   | No                     |              11 |            4 |
+--------------+-----------------------+------------------------+-----------------+--------------+


3. Detailed Control Set Information
-----------------------------------

+--------------+---------------+-------------------+------------------+----------------+
| Clock Signal | Enable Signal |  Set/Reset Signal | Slice Load Count | Bel Load Count |
+--------------+---------------+-------------------+------------------+----------------+
|  pclk        |               | b[3]_i_1_n_0      |                1 |              4 |
|  clk_ss      |               |                   |                1 |              8 |
|  pclk        |               | r[3]_i_1_n_0      |                3 |              8 |
|  pclk        |               | my_timing/htc     |                4 |             11 |
|  pclk        | my_timing/htc | my_timing/vPixles |                4 |             11 |
|  pclk        |               |                   |               10 |             32 |
+--------------+---------------+-------------------+------------------+----------------+


+--------+-----------------------+
| Fanout | Number of ControlSets |
+--------+-----------------------+
| 4      |                     1 |
| 8      |                     2 |
| 11     |                     2 |
| 16+    |                     1 |
+--------+-----------------------+


